[debug] [2018-07-13T20:59:16.646Z] ----------------------------------------------------------------------
[debug] [2018-07-13T20:59:16.648Z] Command:       /usr/local/Cellar/node/10.0.0/bin/node /usr/local/bin/firebase serve
[debug] [2018-07-13T20:59:16.648Z] CLI Version:   3.19.3
[debug] [2018-07-13T20:59:16.648Z] Platform:      darwin
[debug] [2018-07-13T20:59:16.648Z] Node Version:  v10.0.0
[debug] [2018-07-13T20:59:16.649Z] Time:          Fri Jul 13 2018 16:59:16 GMT-0400 (EDT)
[debug] [2018-07-13T20:59:16.649Z] ----------------------------------------------------------------------
[debug] 
[debug] [2018-07-13T20:59:16.662Z] > command requires scopes: ["email","openid","https://www.googleapis.com/auth/cloudplatformprojects.readonly","https://www.googleapis.com/auth/firebase","https://www.googleapis.com/auth/cloud-platform"]
[debug] [2018-07-13T20:59:16.662Z] > authorizing via signed-in user
[debug] [2018-07-13T20:59:16.664Z] > refreshing access token with scopes: ["email","https://www.googleapis.com/auth/cloud-platform","https://www.googleapis.com/auth/cloudplatformprojects.readonly","https://www.googleapis.com/auth/firebase","openid"]
[debug] [2018-07-13T20:59:16.664Z] >>> HTTP REQUEST POST https://www.googleapis.com/oauth2/v3/token  
 { refresh_token: '1/ctB9xHSWwisK5XEHwYTW_YGmzWzibtO_9BvaUogtGQo',
  client_id: '563584335869-fgrhgmd47bqnekij5i8b5pr03ho849e6.apps.googleusercontent.com',
  client_secret: 'j9iVZfS8kkCEFUPaAeJV0sAi',
  grant_type: 'refresh_token',
  scope: 'email https://www.googleapis.com/auth/cloud-platform https://www.googleapis.com/auth/cloudplatformprojects.readonly https://www.googleapis.com/auth/firebase openid' } 
 Fri Jul 13 2018 16:59:16 GMT-0400 (EDT)
[debug] [2018-07-13T20:59:16.854Z] <<< HTTP RESPONSE 200
[debug] [2018-07-13T20:59:16.872Z] >>> HTTP REQUEST GET https://admin.firebase.com/v1/projects/open-source-search  
  
 Fri Jul 13 2018 16:59:16 GMT-0400 (EDT)
[debug] [2018-07-13T20:59:17.173Z] <<< HTTP RESPONSE 200
[debug] [2018-07-13T20:59:17.174Z] >>> HTTP REQUEST GET https://admin.firebase.com/v1/database/open-source-search/tokens  
  
 Fri Jul 13 2018 16:59:17 GMT-0400 (EDT)
[debug] [2018-07-13T20:59:18.489Z] <<< HTTP RESPONSE 200
[debug] [2018-07-13T20:59:18.490Z] >>> HTTP REQUEST GET https://cloudresourcemanager.googleapis.com/v1/projects/open-source-search  
  
 Fri Jul 13 2018 16:59:18 GMT-0400 (EDT)
[debug] [2018-07-13T20:59:18.916Z] <<< HTTP RESPONSE 200
[info] 
[info] === Serving from '/Users/JJM/coding/open-source-search'...
[info] 
[debug] [2018-07-13T20:59:18.918Z] >>> HTTP REQUEST GET https://mobilesdk-pa.googleapis.com/v1/projects/829502877929/clients/_:getWebAppConfig  
  
 Fri Jul 13 2018 16:59:18 GMT-0400 (EDT)
[debug] [2018-07-13T20:59:19.406Z] <<< HTTP RESPONSE 200
[info] i  hosting: Serving hosting files from: build
[info] ✔  hosting: Local server: http://localhost:5000

