To https://github.com/jMuzsik/find-an-issue.git
   4e27fae..e8d6e13  master -> master
To https://github.com/jMuzsik/find-an-issue.git
   e8d6e13..eeafb24  master -> master
To https://github.com/jMuzsik/find-an-issue.git
   eeafb24..920a7ed  master -> master
To https://github.com/jMuzsik/find-an-issue.git
   920a7ed..e2d5c96  master -> master
To https://github.com/jMuzsik/find-an-issue.git
   e2d5c96..f4dbf19  master -> master
To https://github.com/jMuzsik/find-an-issue.git
   f4dbf19..9ce8669  master -> master
Unable to query api: {
  "errno": -3008,
  "code": "ENOTFOUND",
  "syscall": "getaddrinfo",
  "hostname": "api.github.com"
}
(node:75) UnhandledPromiseRejectionWarning: TypeError: Cannot read property 'body' of undefined
    at Request._callback (/Users/jmuzsik/.scripts/find-an-issue/cron-job/utils.js:73:37)
    at self.callback (/Users/jmuzsik/.scripts/find-an-issue/cron-job/node_modules/request/request.js:185:22)
    at Request.emit (events.js:315:20)
    at Request.onRequestError (/Users/jmuzsik/.scripts/find-an-issue/cron-job/node_modules/request/request.js:877:8)
    at ClientRequest.emit (events.js:315:20)
    at TLSSocket.socketErrorListener (_http_client.js:469:9)
    at TLSSocket.emit (events.js:315:20)
    at emitErrorNT (internal/streams/destroy.js:106:8)
    at emitErrorCloseNT (internal/streams/destroy.js:74:3)
    at processTicksAndRejections (internal/process/task_queues.js:80:21)
(Use `node --trace-warnings ...` to show where the warning was created)
(node:75) UnhandledPromiseRejectionWarning: Unhandled promise rejection. This error originated either by throwing inside of an async function without a catch block, or by rejecting a promise which was not handled with .catch(). To terminate the node process on unhandled promise rejection, use the CLI flag `--unhandled-rejections=strict` (see https://nodejs.org/api/cli.html#cli_unhandled_rejections_mode). (rejection id: 1)
(node:75) [DEP0018] DeprecationWarning: Unhandled promise rejections are deprecated. In the future, promise rejections that are not handled will terminate the Node.js process with a non-zero exit code.
fatal: could not read Username for 'https://github.com': Device not configured
Unable to query api: {
  "errno": -3008,
  "code": "ENOTFOUND",
  "syscall": "getaddrinfo",
  "hostname": "api.github.com"
}
(node:75) UnhandledPromiseRejectionWarning: TypeError: Cannot read property 'body' of undefined
    at Request._callback (/Users/jmuzsik/.scripts/find-an-issue/cron-job/utils.js:73:37)
    at self.callback (/Users/jmuzsik/.scripts/find-an-issue/cron-job/node_modules/request/request.js:185:22)
    at Request.emit (events.js:315:20)
    at Request.onRequestError (/Users/jmuzsik/.scripts/find-an-issue/cron-job/node_modules/request/request.js:877:8)
    at ClientRequest.emit (events.js:315:20)
    at TLSSocket.socketErrorListener (_http_client.js:469:9)
    at TLSSocket.emit (events.js:315:20)
    at emitErrorNT (internal/streams/destroy.js:106:8)
    at emitErrorCloseNT (internal/streams/destroy.js:74:3)
    at processTicksAndRejections (internal/process/task_queues.js:80:21)
(Use `node --trace-warnings ...` to show where the warning was created)
(node:75) UnhandledPromiseRejectionWarning: Unhandled promise rejection. This error originated either by throwing inside of an async function without a catch block, or by rejecting a promise which was not handled with .catch(). To terminate the node process on unhandled promise rejection, use the CLI flag `--unhandled-rejections=strict` (see https://nodejs.org/api/cli.html#cli_unhandled_rejections_mode). (rejection id: 1)
(node:75) [DEP0018] DeprecationWarning: Unhandled promise rejections are deprecated. In the future, promise rejections that are not handled will terminate the Node.js process with a non-zero exit code.
Unable to query api: {
  "errno": -3008,
  "code": "ENOTFOUND",
  "syscall": "getaddrinfo",
  "hostname": "api.github.com"
}
(node:75) UnhandledPromiseRejectionWarning: TypeError: Cannot read property 'body' of undefined
    at Request._callback (/Users/jmuzsik/.scripts/find-an-issue/cron-job/utils.js:73:37)
    at self.callback (/Users/jmuzsik/.scripts/find-an-issue/cron-job/node_modules/request/request.js:185:22)
    at Request.emit (events.js:315:20)
    at Request.onRequestError (/Users/jmuzsik/.scripts/find-an-issue/cron-job/node_modules/request/request.js:877:8)
    at ClientRequest.emit (events.js:315:20)
    at TLSSocket.socketErrorListener (_http_client.js:469:9)
    at TLSSocket.emit (events.js:315:20)
    at emitErrorNT (internal/streams/destroy.js:106:8)
    at emitErrorCloseNT (internal/streams/destroy.js:74:3)
    at processTicksAndRejections (internal/process/task_queues.js:80:21)
(Use `node --trace-warnings ...` to show where the warning was created)
(node:75) UnhandledPromiseRejectionWarning: Unhandled promise rejection. This error originated either by throwing inside of an async function without a catch block, or by rejecting a promise which was not handled with .catch(). To terminate the node process on unhandled promise rejection, use the CLI flag `--unhandled-rejections=strict` (see https://nodejs.org/api/cli.html#cli_unhandled_rejections_mode). (rejection id: 1)
(node:75) [DEP0018] DeprecationWarning: Unhandled promise rejections are deprecated. In the future, promise rejections that are not handled will terminate the Node.js process with a non-zero exit code.
fatal: could not read Username for 'https://github.com': Device not configured
fatal: could not read Username for 'https://github.com': Device not configured
fatal: could not read Username for 'https://github.com': Device not configured
(node:21143) UnhandledPromiseRejectionWarning: SyntaxError: Unexpected end of JSON input
    at JSON.parse (<anonymous>)
    at Request._callback (/Users/jmuzsik/.scripts/find-an-issue/cron-job/utils.js:73:27)
    at Request.self.callback (/Users/jmuzsik/.scripts/find-an-issue/cron-job/node_modules/request/request.js:185:22)
    at Request.emit (events.js:315:20)
    at Request.<anonymous> (/Users/jmuzsik/.scripts/find-an-issue/cron-job/node_modules/request/request.js:1157:10)
    at Request.emit (events.js:315:20)
    at IncomingMessage.<anonymous> (/Users/jmuzsik/.scripts/find-an-issue/cron-job/node_modules/request/request.js:1079:12)
    at Object.onceWrapper (events.js:421:28)
    at IncomingMessage.emit (events.js:327:22)
    at IncomingMessage.<anonymous> (/Users/jmuzsik/.scripts/find-an-issue/cron-job/node_modules/request/request.js:996:23)
(Use `node --trace-warnings ...` to show where the warning was created)
(node:21143) UnhandledPromiseRejectionWarning: Unhandled promise rejection. This error originated either by throwing inside of an async function without a catch block, or by rejecting a promise which was not handled with .catch(). To terminate the node process on unhandled promise rejection, use the CLI flag `--unhandled-rejections=strict` (see https://nodejs.org/api/cli.html#cli_unhandled_rejections_mode). (rejection id: 1)
(node:21143) [DEP0018] DeprecationWarning: Unhandled promise rejections are deprecated. In the future, promise rejections that are not handled will terminate the Node.js process with a non-zero exit code.
fatal: could not read Username for 'https://github.com': Device not configured
fatal: could not read Username for 'https://github.com': Device not configured
fatal: could not read Username for 'https://github.com': Device not configured
fatal: could not read Username for 'https://github.com': Device not configured
fatal: could not read Username for 'https://github.com': Device not configured
From https://github.com/jMuzsik/find-an-issue
 * [new branch]      dependabot/npm_and_yarn/urijs-1.19.6 -> origin/dependabot/npm_and_yarn/urijs-1.19.6
